<?xml version="1.0" encoding="UTF-8"?>
<!-- Generated by org.testng.reporters.JUnitXMLReporter -->
<testsuite ignored="0" hostname="Siranjeevi-Senthil" failures="0" tests="3" name="Surefire test" time="31.725" errors="0" timestamp="2024-01-27T12:20:42 IST">
  <testcase classname="Testpractice1_maven.Testpractice1_maven.Test1" name="submitordertest" time="11.149"/>
  <testcase classname="Testpractice1_maven.Testpractice1_maven.Test1" name="submitordertest" time="11.342"/>
  <testcase classname="Testpractice1_maven.Testpractice1_maven.Test1" name="submitordertest2" time="9.142"/>
</testsuite> <!-- Surefire test -->
