<?xml version="1.0" encoding="UTF-8"?>
<!-- Generated by org.testng.reporters.JUnitXMLReporter -->
<testsuite ignored="0" hostname="Siranjeevi-Senthil" failures="0" tests="3" name="Test" time="32.949" errors="0" timestamp="2024-01-27T12:47:29 IST">
  <testcase classname="Testpractice1_maven.Testpractice1_maven.Test1" name="submitordertest" time="13.649"/>
  <testcase classname="Testpractice1_maven.Testpractice1_maven.Test1" name="submitordertest" time="9.292"/>
  <testcase classname="Testpractice1_maven.Testpractice1_maven.Test1" name="submitordertest2" time="9.795"/>
</testsuite> <!-- Test -->
