<?xml version="1.0" encoding="UTF-8"?>
<testng-results ignored="0" total="3" passed="3" failed="0" skipped="0">
  <reporter-output>
  </reporter-output>
  <suite started-at="2024-01-27T12:46:56 IST" name="Suite" finished-at="2024-01-27T12:47:29 IST" duration-ms="32949">
    <groups>
    </groups>
    <test started-at="2024-01-27T12:46:56 IST" name="Test" finished-at="2024-01-27T12:47:29 IST" duration-ms="32949">
      <class name="Testpractice1_maven.Testpractice1_maven.Test1">
        <test-method signature="submitordertest(java.util.HashMap)[pri:0, instance:Testpractice1_maven.Testpractice1_maven.Test1@2794eab6]" started-at="2024-01-27T12:46:56 IST" name="submitordertest" data-provider="getdata" finished-at="2024-01-27T12:47:10 IST" duration-ms="13649" status="PASS">
          <params>
            <param index="0">
              <value>
                <![CDATA[{ProductName=ZARA COAT 3, email=siranjeevisenthil.r@gmail.com, Password=Senthilw@1}]]>
              </value>
            </param>
          </params>
          <reporter-output>
          </reporter-output>
        </test-method> <!-- submitordertest -->
        <test-method signature="submitordertest(java.util.HashMap)[pri:0, instance:Testpractice1_maven.Testpractice1_maven.Test1@2794eab6]" started-at="2024-01-27T12:47:10 IST" name="submitordertest" data-provider="getdata" finished-at="2024-01-27T12:47:19 IST" duration-ms="9292" status="PASS">
          <params>
            <param index="0">
              <value>
                <![CDATA[{ProductName=ZARA COAT 3, email=anshika@gmail.com, Password=Iamking@000}]]>
              </value>
            </param>
          </params>
          <reporter-output>
          </reporter-output>
        </test-method> <!-- submitordertest -->
        <test-method signature="submitordertest2()[pri:0, instance:Testpractice1_maven.Testpractice1_maven.Test1@2794eab6]" started-at="2024-01-27T12:47:19 IST" name="submitordertest2" finished-at="2024-01-27T12:47:29 IST" duration-ms="9795" status="PASS">
          <reporter-output>
          </reporter-output>
        </test-method> <!-- submitordertest2 -->
      </class> <!-- Testpractice1_maven.Testpractice1_maven.Test1 -->
    </test> <!-- Test -->
  </suite> <!-- Suite -->
</testng-results>
